[0.000000] (-) TimerEvent: {}
[0.000616] (-) JobUnselected: {'identifier': 'ros_tcp_endpoint'}
[0.000640] (simulator_messages) JobQueued: {'identifier': 'simulator_messages', 'dependencies': OrderedDict()}
[0.000652] (simulator_messages) JobStarted: {'identifier': 'simulator_messages'}
[0.006690] (simulator_messages) JobProgress: {'identifier': 'simulator_messages', 'progress': 'cmake'}
[0.007162] (simulator_messages) Command: {'cmd': ['/home/pengyh/softwares/anaconda3/envs/ros2_jazzy/bin/cmake', '/home/pengyh/workspace/FreeAskAgent/closed_loop/ros2/src/simulator_messages', '-DCATKIN_INSTALL_INTO_PREFIX_ROOT=0', '-DCMAKE_INSTALL_PREFIX=/home/pengyh/workspace/FreeAskAgent/closed_loop/ros2/install/simulator_messages'], 'cwd': '/home/pengyh/workspace/FreeAskAgent/closed_loop/ros2/build/simulator_messages', 'env': OrderedDict([('PYTHON_BASIC_REPL', '1'), ('LESSOPEN', '| /usr/bin/lesspipe %s'), ('CONDA_PROMPT_MODIFIER', '(ros2_jazzy)'), ('no_proxy', 'localhost,127.0.0.1,::1'), ('USER', 'pengyh'), ('all_proxy', 'http://192.168.31.44:4780'), ('GIT_ASKPASS', '/home/pengyh/.vscode-server/bin/994fd12f8d3a5aa16f17d42c041e5809167e845a/extensions/git/dist/askpass.sh'), ('SHLVL', '1'), ('LD_LIBRARY_PATH', '/opt/ros/jazzy/opt/rviz_ogre_vendor/lib:/opt/ros/jazzy/lib/x86_64-linux-gnu:/opt/ros/jazzy/opt/gz_math_vendor/lib:/opt/ros/jazzy/opt/gz_utils_vendor/lib:/opt/ros/jazzy/opt/gz_cmake_vendor/lib:/opt/ros/jazzy/lib'), ('HOME', '/home/pengyh'), ('CONDA_SHLVL', '1'), ('TERM_PROGRAM_VERSION', '1.107.1'), ('VSCODE_IPC_HOOK_CLI', '/run/user/1000/vscode-ipc-94694394-c097-4372-81a8-a832b1064c2c.sock'), ('ROS_PYTHON_VERSION', '3'), ('VSCODE_GIT_ASKPASS_MAIN', '/home/pengyh/.vscode-server/bin/994fd12f8d3a5aa16f17d42c041e5809167e845a/extensions/git/dist/askpass-main.js'), ('VSCODE_GIT_ASKPASS_NODE', '/home/pengyh/.vscode-server/bin/994fd12f8d3a5aa16f17d42c041e5809167e845a/node'), ('PYDEVD_DISABLE_FILE_VALIDATION', '1'), ('BUNDLED_DEBUGPY_PATH', '/home/pengyh/.vscode-server/extensions/ms-python.debugpy-2025.18.0-linux-x64/bundled/libs/debugpy'), ('VSCODE_PYTHON_AUTOACTIVATE_GUARD', '1'), ('DBUS_SESSION_BUS_ADDRESS', 'unix:path=/run/user/1000/bus'), ('COLORTERM', 'truecolor'), ('WSL_DISTRO_NAME', 'Ubuntu-24.04'), ('DEBUGINFOD_URLS', 'https://debuginfod.ubuntu.com'), ('WAYLAND_DISPLAY', 'wayland-0'), ('https_proxy', 'http://192.168.31.44:4780'), ('ROS_DISTRO', 'jazzy'), ('LOGNAME', 'pengyh'), ('NAME', 'Doraemon-Desktop'), ('WSL_INTEROP', '/run/WSL/504_interop'), ('http_proxy', 'http://192.168.31.44:4780'), ('PULSE_SERVER', 'unix:/mnt/wslg/PulseServer'), ('_', '/home/pengyh/softwares/anaconda3/envs/ros2_jazzy/bin/colcon'), ('ROS_VERSION', '2'), ('TERM', 'xterm-256color'), ('PATH', '/home/pengyh/softwares/anaconda3/envs/ros2_jazzy/bin:/home/pengyh/.vscode-server/data/User/globalStorage/github.copilot-chat/debugCommand:/home/pengyh/.vscode-server/data/User/globalStorage/github.copilot-chat/copilotCli:/home/pengyh/.vscode-server/bin/994fd12f8d3a5aa16f17d42c041e5809167e845a/bin/remote-cli:/opt/ros/jazzy/bin:/home/pengyh/softwares/anaconda3/condabin:/usr/local/sbin:/usr/local/bin:/usr/sbin:/usr/bin:/sbin:/bin:/usr/games:/usr/local/games:/usr/lib/wsl/lib:/mnt/c/Program Files/NVIDIA GPU Computing Toolkit/CUDA/v12.9/bin:/mnt/c/Program Files/NVIDIA GPU Computing Toolkit/CUDA/v12.9/libnvvp:/mnt/d/Softwares/PlasticSCM/server:/mnt/d/Softwares/PlasticSCM/client:/mnt/c/WINDOWS/system32:/mnt/c/WINDOWS:/mnt/c/WINDOWS/System32/Wbem:/mnt/c/WINDOWS/System32/WindowsPowerShell/v1.0:/mnt/c/WINDOWS/System32/OpenSSH:/mnt/c/Program Files/NVIDIA Corporation/NVIDIA App/NvDLISR:/mnt/c/Program Files (x86)/NVIDIA Corporation/PhysX/Common:/mnt/c/Program Files/dotnet:/mnt/d/Softwares/Git/Git/cmd:/mnt/c/Program Files/NVIDIA Corporation/Nsight Compute 2022.1.0:/mnt/c/Program Files/Docker/Docker/resources/bin:/mnt/c/Program Files (x86)/Windows Kits/10/Windows Performance Toolkit:/mnt/c/Users/彭宇航/AppData/Local/Microsoft/WindowsApps:/mnt/d/Softwares/VSCode/Microsoft VS Code/bin:/mnt/d/Tools/Anaconda:/mnt/d/Tools/Anaconda/Scripts:/mnt/d/Tools/Anaconda/Library/bin:/mnt/c/Users/彭宇航/.dotnet/tools:/snap/bin:/home/pengyh/.vscode-server/extensions/ms-python.debugpy-2025.18.0-linux-x64/bundled/scripts/noConfigScripts'), ('XDG_RUNTIME_DIR', '/run/user/1000/'), ('DISPLAY', ':0'), ('VSCODE_DEBUGPY_ADAPTER_ENDPOINTS', '/home/pengyh/.vscode-server/extensions/ms-python.debugpy-2025.18.0-linux-x64/.noConfigDebugAdapterEndpoints/endpoint-8b119c96603a3506.txt'), ('LANG', 'C.UTF-8'), ('PYTHONSTARTUP', '/home/pengyh/.vscode-server/data/User/workspaceStorage/5974480726cefb12346fe730c9286c7b/ms-python.python/pythonrc.py'), ('LS_COLORS', 'rs=0:di=01;34:ln=01;36:mh=00:pi=40;33:so=01;35:do=01;35:bd=40;33;01:cd=40;33;01:or=40;31;01:mi=00:su=37;41:sg=30;43:ca=00:tw=30;42:ow=34;42:st=37;44:ex=01;32:*.tar=01;31:*.tgz=01;31:*.arc=01;31:*.arj=01;31:*.taz=01;31:*.lha=01;31:*.lz4=01;31:*.lzh=01;31:*.lzma=01;31:*.tlz=01;31:*.txz=01;31:*.tzo=01;31:*.t7z=01;31:*.zip=01;31:*.z=01;31:*.dz=01;31:*.gz=01;31:*.lrz=01;31:*.lz=01;31:*.lzo=01;31:*.xz=01;31:*.zst=01;31:*.tzst=01;31:*.bz2=01;31:*.bz=01;31:*.tbz=01;31:*.tbz2=01;31:*.tz=01;31:*.deb=01;31:*.rpm=01;31:*.jar=01;31:*.war=01;31:*.ear=01;31:*.sar=01;31:*.rar=01;31:*.alz=01;31:*.ace=01;31:*.zoo=01;31:*.cpio=01;31:*.7z=01;31:*.rz=01;31:*.cab=01;31:*.wim=01;31:*.swm=01;31:*.dwm=01;31:*.esd=01;31:*.avif=01;35:*.jpg=01;35:*.jpeg=01;35:*.mjpg=01;35:*.mjpeg=01;35:*.gif=01;35:*.bmp=01;35:*.pbm=01;35:*.pgm=01;35:*.ppm=01;35:*.tga=01;35:*.xbm=01;35:*.xpm=01;35:*.tif=01;35:*.tiff=01;35:*.png=01;35:*.svg=01;35:*.svgz=01;35:*.mng=01;35:*.pcx=01;35:*.mov=01;35:*.mpg=01;35:*.mpeg=01;35:*.m2v=01;35:*.mkv=01;35:*.webm=01;35:*.webp=01;35:*.ogm=01;35:*.mp4=01;35:*.m4v=01;35:*.mp4v=01;35:*.vob=01;35:*.qt=01;35:*.nuv=01;35:*.wmv=01;35:*.asf=01;35:*.rm=01;35:*.rmvb=01;35:*.flc=01;35:*.avi=01;35:*.fli=01;35:*.flv=01;35:*.gl=01;35:*.dl=01;35:*.xcf=01;35:*.xwd=01;35:*.yuv=01;35:*.cgm=01;35:*.emf=01;35:*.ogv=01;35:*.ogx=01;35:*.aac=00;36:*.au=00;36:*.flac=00;36:*.m4a=00;36:*.mid=00;36:*.midi=00;36:*.mka=00;36:*.mp3=00;36:*.mpc=00;36:*.ogg=00;36:*.ra=00;36:*.wav=00;36:*.oga=00;36:*.opus=00;36:*.spx=00;36:*.xspf=00;36:*~=00;90:*#=00;90:*.bak=00;90:*.crdownload=00;90:*.dpkg-dist=00;90:*.dpkg-new=00;90:*.dpkg-old=00;90:*.dpkg-tmp=00;90:*.old=00;90:*.orig=00;90:*.part=00;90:*.rej=00;90:*.rpmnew=00;90:*.rpmorig=00;90:*.rpmsave=00;90:*.swp=00;90:*.tmp=00;90:*.ucf-dist=00;90:*.ucf-new=00;90:*.ucf-old=00;90:'), ('VSCODE_GIT_IPC_HANDLE', '/run/user/1000/vscode-git-7ec00a5a3c.sock'), ('TERM_PROGRAM', 'vscode'), ('hostip', '192.168.31.44'), ('AMENT_PREFIX_PATH', '/opt/ros/jazzy'), ('CONDA_PYTHON_EXE', '/home/pengyh/softwares/anaconda3/bin/python'), ('SHELL', '/bin/bash'), ('LESSCLOSE', '/usr/bin/lesspipe %s %s'), ('CONDA_DEFAULT_ENV', 'ros2_jazzy'), ('ROS_AUTOMATIC_DISCOVERY_RANGE', 'SUBNET'), ('VSCODE_GIT_ASKPASS_EXTRA_ARGS', ''), ('PWD', '/home/pengyh/workspace/FreeAskAgent/closed_loop/ros2/build/simulator_messages'), ('CONDA_EXE', '/home/pengyh/softwares/anaconda3/bin/conda'), ('XDG_DATA_DIRS', '/usr/local/share:/usr/share:/var/lib/snapd/desktop'), ('PYTHONPATH', '/opt/ros/jazzy/lib/python3.12/site-packages'), ('CONDA_PREFIX', '/home/pengyh/softwares/anaconda3/envs/ros2_jazzy'), ('COLCON', '1'), ('WSL2_GUI_APPS_ENABLED', '1'), ('HOSTTYPE', 'x86_64'), ('CMAKE_PREFIX_PATH', '/opt/ros/jazzy/opt/gz_math_vendor:/opt/ros/jazzy/opt/gz_utils_vendor:/opt/ros/jazzy/opt/gz_cmake_vendor'), ('WSLENV', 'VSCODE_WSL_EXT_LOCATION/up')]), 'shell': False}
[0.015204] (simulator_messages) StderrLine: {'line': b'\x1b[0mCMake Deprecation Warning at CMakeLists.txt:1 (cmake_minimum_required):\n'}
[0.015415] (simulator_messages) StderrLine: {'line': b'  Compatibility with CMake < 3.10 will be removed from a future version of\n'}
[0.015455] (simulator_messages) StderrLine: {'line': b'  CMake.\n'}
[0.015478] (simulator_messages) StderrLine: {'line': b'\n'}
[0.015500] (simulator_messages) StderrLine: {'line': b'  Update the VERSION argument <min> value.  Or, use the <min>...<max> syntax\n'}
[0.015521] (simulator_messages) StderrLine: {'line': b'  to tell CMake that the project requires at least <min> but has been updated\n'}
[0.015561] (simulator_messages) StderrLine: {'line': b'  to work with policies introduced by <max> or earlier.\n'}
[0.015590] (simulator_messages) StderrLine: {'line': b'\n'}
[0.015610] (simulator_messages) StderrLine: {'line': b'\x1b[0m\n'}
[0.023170] (simulator_messages) StdoutLine: {'line': b'-- Found ament_cmake: 2.5.4 (/opt/ros/jazzy/share/ament_cmake/cmake)\n'}
[0.099203] (-) TimerEvent: {}
[0.130947] (simulator_messages) StdoutLine: {'line': b'-- Found rosidl_default_generators: 1.6.0 (/opt/ros/jazzy/share/rosidl_default_generators/cmake)\n'}
[0.131979] (simulator_messages) StdoutLine: {'line': b'-- Using all available rosidl_typesupport_c: rosidl_typesupport_fastrtps_c;rosidl_typesupport_introspection_c\n'}
[0.199279] (-) TimerEvent: {}
[0.224012] (simulator_messages) StdoutLine: {'line': b'-- Using all available rosidl_typesupport_cpp: rosidl_typesupport_fastrtps_cpp;rosidl_typesupport_introspection_cpp\n'}
[0.238082] (simulator_messages) StdoutLine: {'line': b'-- Found rosidl_adapter: 4.6.6 (/opt/ros/jazzy/share/rosidl_adapter/cmake)\n'}
[0.238760] (simulator_messages) StdoutLine: {'line': b'-- Found std_msgs: 5.3.6 (/opt/ros/jazzy/share/std_msgs/cmake)\n'}
[0.299372] (-) TimerEvent: {}
[0.399560] (-) TimerEvent: {}
[0.499773] (-) TimerEvent: {}
[0.525694] (simulator_messages) StdoutLine: {'line': b'-- Found ament_cmake_ros: 0.12.0 (/opt/ros/jazzy/share/ament_cmake_ros/cmake)\n'}
[0.599903] (-) TimerEvent: {}
[0.700095] (-) TimerEvent: {}
[0.720815] (simulator_messages) StdoutLine: {'line': b'-- Using all available rosidl_typesupport_c: rosidl_typesupport_fastrtps_c;rosidl_typesupport_introspection_c\n'}
[0.800182] (-) TimerEvent: {}
[0.900366] (-) TimerEvent: {}
[0.978660] (simulator_messages) StdoutLine: {'line': b'-- Using all available rosidl_typesupport_cpp: rosidl_typesupport_fastrtps_cpp;rosidl_typesupport_introspection_cpp\n'}
[0.979430] (simulator_messages) StdoutLine: {'line': b'-- Found python_cmake_module: 0.11.1 (/opt/ros/jazzy/share/python_cmake_module/cmake)\n'}
[1.000484] (-) TimerEvent: {}
[1.100685] (-) TimerEvent: {}
[1.200913] (-) TimerEvent: {}
[1.204022] (simulator_messages) StdoutLine: {'line': b'-- Found Python3: /home/pengyh/softwares/anaconda3/envs/ros2_jazzy/bin/python3 (found version "3.10.19") found components: Interpreter Development NumPy Development.Module Development.Embed\n'}
[1.233430] (simulator_messages) StdoutLine: {'line': b'-- Configuring done (1.2s)\n'}
[1.269180] (simulator_messages) StdoutLine: {'line': b'-- Generating done (0.0s)\n'}
[1.274028] (simulator_messages) StdoutLine: {'line': b'-- Build files have been written to: /home/pengyh/workspace/FreeAskAgent/closed_loop/ros2/build/simulator_messages\n'}
[1.278616] (simulator_messages) CommandEnded: {'returncode': 0}
[1.279032] (simulator_messages) JobProgress: {'identifier': 'simulator_messages', 'progress': 'build'}
[1.280116] (simulator_messages) Command: {'cmd': ['/home/pengyh/softwares/anaconda3/envs/ros2_jazzy/bin/cmake', '--build', '/home/pengyh/workspace/FreeAskAgent/closed_loop/ros2/build/simulator_messages', '--', '-j20', '-l20'], 'cwd': '/home/pengyh/workspace/FreeAskAgent/closed_loop/ros2/build/simulator_messages', 'env': OrderedDict([('PYTHON_BASIC_REPL', '1'), ('LESSOPEN', '| /usr/bin/lesspipe %s'), ('CONDA_PROMPT_MODIFIER', '(ros2_jazzy)'), ('no_proxy', 'localhost,127.0.0.1,::1'), ('USER', 'pengyh'), ('all_proxy', 'http://192.168.31.44:4780'), ('GIT_ASKPASS', '/home/pengyh/.vscode-server/bin/994fd12f8d3a5aa16f17d42c041e5809167e845a/extensions/git/dist/askpass.sh'), ('SHLVL', '1'), ('LD_LIBRARY_PATH', '/opt/ros/jazzy/opt/rviz_ogre_vendor/lib:/opt/ros/jazzy/lib/x86_64-linux-gnu:/opt/ros/jazzy/opt/gz_math_vendor/lib:/opt/ros/jazzy/opt/gz_utils_vendor/lib:/opt/ros/jazzy/opt/gz_cmake_vendor/lib:/opt/ros/jazzy/lib'), ('HOME', '/home/pengyh'), ('CONDA_SHLVL', '1'), ('TERM_PROGRAM_VERSION', '1.107.1'), ('VSCODE_IPC_HOOK_CLI', '/run/user/1000/vscode-ipc-94694394-c097-4372-81a8-a832b1064c2c.sock'), ('ROS_PYTHON_VERSION', '3'), ('VSCODE_GIT_ASKPASS_MAIN', '/home/pengyh/.vscode-server/bin/994fd12f8d3a5aa16f17d42c041e5809167e845a/extensions/git/dist/askpass-main.js'), ('VSCODE_GIT_ASKPASS_NODE', '/home/pengyh/.vscode-server/bin/994fd12f8d3a5aa16f17d42c041e5809167e845a/node'), ('PYDEVD_DISABLE_FILE_VALIDATION', '1'), ('BUNDLED_DEBUGPY_PATH', '/home/pengyh/.vscode-server/extensions/ms-python.debugpy-2025.18.0-linux-x64/bundled/libs/debugpy'), ('VSCODE_PYTHON_AUTOACTIVATE_GUARD', '1'), ('DBUS_SESSION_BUS_ADDRESS', 'unix:path=/run/user/1000/bus'), ('COLORTERM', 'truecolor'), ('WSL_DISTRO_NAME', 'Ubuntu-24.04'), ('DEBUGINFOD_URLS', 'https://debuginfod.ubuntu.com'), ('WAYLAND_DISPLAY', 'wayland-0'), ('https_proxy', 'http://192.168.31.44:4780'), ('ROS_DISTRO', 'jazzy'), ('LOGNAME', 'pengyh'), ('NAME', 'Doraemon-Desktop'), ('WSL_INTEROP', '/run/WSL/504_interop'), ('http_proxy', 'http://192.168.31.44:4780'), ('PULSE_SERVER', 'unix:/mnt/wslg/PulseServer'), ('_', '/home/pengyh/softwares/anaconda3/envs/ros2_jazzy/bin/colcon'), ('ROS_VERSION', '2'), ('TERM', 'xterm-256color'), ('PATH', '/home/pengyh/softwares/anaconda3/envs/ros2_jazzy/bin:/home/pengyh/.vscode-server/data/User/globalStorage/github.copilot-chat/debugCommand:/home/pengyh/.vscode-server/data/User/globalStorage/github.copilot-chat/copilotCli:/home/pengyh/.vscode-server/bin/994fd12f8d3a5aa16f17d42c041e5809167e845a/bin/remote-cli:/opt/ros/jazzy/bin:/home/pengyh/softwares/anaconda3/condabin:/usr/local/sbin:/usr/local/bin:/usr/sbin:/usr/bin:/sbin:/bin:/usr/games:/usr/local/games:/usr/lib/wsl/lib:/mnt/c/Program Files/NVIDIA GPU Computing Toolkit/CUDA/v12.9/bin:/mnt/c/Program Files/NVIDIA GPU Computing Toolkit/CUDA/v12.9/libnvvp:/mnt/d/Softwares/PlasticSCM/server:/mnt/d/Softwares/PlasticSCM/client:/mnt/c/WINDOWS/system32:/mnt/c/WINDOWS:/mnt/c/WINDOWS/System32/Wbem:/mnt/c/WINDOWS/System32/WindowsPowerShell/v1.0:/mnt/c/WINDOWS/System32/OpenSSH:/mnt/c/Program Files/NVIDIA Corporation/NVIDIA App/NvDLISR:/mnt/c/Program Files (x86)/NVIDIA Corporation/PhysX/Common:/mnt/c/Program Files/dotnet:/mnt/d/Softwares/Git/Git/cmd:/mnt/c/Program Files/NVIDIA Corporation/Nsight Compute 2022.1.0:/mnt/c/Program Files/Docker/Docker/resources/bin:/mnt/c/Program Files (x86)/Windows Kits/10/Windows Performance Toolkit:/mnt/c/Users/彭宇航/AppData/Local/Microsoft/WindowsApps:/mnt/d/Softwares/VSCode/Microsoft VS Code/bin:/mnt/d/Tools/Anaconda:/mnt/d/Tools/Anaconda/Scripts:/mnt/d/Tools/Anaconda/Library/bin:/mnt/c/Users/彭宇航/.dotnet/tools:/snap/bin:/home/pengyh/.vscode-server/extensions/ms-python.debugpy-2025.18.0-linux-x64/bundled/scripts/noConfigScripts'), ('XDG_RUNTIME_DIR', '/run/user/1000/'), ('DISPLAY', ':0'), ('VSCODE_DEBUGPY_ADAPTER_ENDPOINTS', '/home/pengyh/.vscode-server/extensions/ms-python.debugpy-2025.18.0-linux-x64/.noConfigDebugAdapterEndpoints/endpoint-8b119c96603a3506.txt'), ('LANG', 'C.UTF-8'), ('PYTHONSTARTUP', '/home/pengyh/.vscode-server/data/User/workspaceStorage/5974480726cefb12346fe730c9286c7b/ms-python.python/pythonrc.py'), ('LS_COLORS', 'rs=0:di=01;34:ln=01;36:mh=00:pi=40;33:so=01;35:do=01;35:bd=40;33;01:cd=40;33;01:or=40;31;01:mi=00:su=37;41:sg=30;43:ca=00:tw=30;42:ow=34;42:st=37;44:ex=01;32:*.tar=01;31:*.tgz=01;31:*.arc=01;31:*.arj=01;31:*.taz=01;31:*.lha=01;31:*.lz4=01;31:*.lzh=01;31:*.lzma=01;31:*.tlz=01;31:*.txz=01;31:*.tzo=01;31:*.t7z=01;31:*.zip=01;31:*.z=01;31:*.dz=01;31:*.gz=01;31:*.lrz=01;31:*.lz=01;31:*.lzo=01;31:*.xz=01;31:*.zst=01;31:*.tzst=01;31:*.bz2=01;31:*.bz=01;31:*.tbz=01;31:*.tbz2=01;31:*.tz=01;31:*.deb=01;31:*.rpm=01;31:*.jar=01;31:*.war=01;31:*.ear=01;31:*.sar=01;31:*.rar=01;31:*.alz=01;31:*.ace=01;31:*.zoo=01;31:*.cpio=01;31:*.7z=01;31:*.rz=01;31:*.cab=01;31:*.wim=01;31:*.swm=01;31:*.dwm=01;31:*.esd=01;31:*.avif=01;35:*.jpg=01;35:*.jpeg=01;35:*.mjpg=01;35:*.mjpeg=01;35:*.gif=01;35:*.bmp=01;35:*.pbm=01;35:*.pgm=01;35:*.ppm=01;35:*.tga=01;35:*.xbm=01;35:*.xpm=01;35:*.tif=01;35:*.tiff=01;35:*.png=01;35:*.svg=01;35:*.svgz=01;35:*.mng=01;35:*.pcx=01;35:*.mov=01;35:*.mpg=01;35:*.mpeg=01;35:*.m2v=01;35:*.mkv=01;35:*.webm=01;35:*.webp=01;35:*.ogm=01;35:*.mp4=01;35:*.m4v=01;35:*.mp4v=01;35:*.vob=01;35:*.qt=01;35:*.nuv=01;35:*.wmv=01;35:*.asf=01;35:*.rm=01;35:*.rmvb=01;35:*.flc=01;35:*.avi=01;35:*.fli=01;35:*.flv=01;35:*.gl=01;35:*.dl=01;35:*.xcf=01;35:*.xwd=01;35:*.yuv=01;35:*.cgm=01;35:*.emf=01;35:*.ogv=01;35:*.ogx=01;35:*.aac=00;36:*.au=00;36:*.flac=00;36:*.m4a=00;36:*.mid=00;36:*.midi=00;36:*.mka=00;36:*.mp3=00;36:*.mpc=00;36:*.ogg=00;36:*.ra=00;36:*.wav=00;36:*.oga=00;36:*.opus=00;36:*.spx=00;36:*.xspf=00;36:*~=00;90:*#=00;90:*.bak=00;90:*.crdownload=00;90:*.dpkg-dist=00;90:*.dpkg-new=00;90:*.dpkg-old=00;90:*.dpkg-tmp=00;90:*.old=00;90:*.orig=00;90:*.part=00;90:*.rej=00;90:*.rpmnew=00;90:*.rpmorig=00;90:*.rpmsave=00;90:*.swp=00;90:*.tmp=00;90:*.ucf-dist=00;90:*.ucf-new=00;90:*.ucf-old=00;90:'), ('VSCODE_GIT_IPC_HANDLE', '/run/user/1000/vscode-git-7ec00a5a3c.sock'), ('TERM_PROGRAM', 'vscode'), ('hostip', '192.168.31.44'), ('AMENT_PREFIX_PATH', '/opt/ros/jazzy'), ('CONDA_PYTHON_EXE', '/home/pengyh/softwares/anaconda3/bin/python'), ('SHELL', '/bin/bash'), ('LESSCLOSE', '/usr/bin/lesspipe %s %s'), ('CONDA_DEFAULT_ENV', 'ros2_jazzy'), ('ROS_AUTOMATIC_DISCOVERY_RANGE', 'SUBNET'), ('VSCODE_GIT_ASKPASS_EXTRA_ARGS', ''), ('PWD', '/home/pengyh/workspace/FreeAskAgent/closed_loop/ros2/build/simulator_messages'), ('CONDA_EXE', '/home/pengyh/softwares/anaconda3/bin/conda'), ('XDG_DATA_DIRS', '/usr/local/share:/usr/share:/var/lib/snapd/desktop'), ('PYTHONPATH', '/opt/ros/jazzy/lib/python3.12/site-packages'), ('CONDA_PREFIX', '/home/pengyh/softwares/anaconda3/envs/ros2_jazzy'), ('COLCON', '1'), ('WSL2_GUI_APPS_ENABLED', '1'), ('HOSTTYPE', 'x86_64'), ('CMAKE_PREFIX_PATH', '/opt/ros/jazzy/opt/gz_math_vendor:/opt/ros/jazzy/opt/gz_utils_vendor:/opt/ros/jazzy/opt/gz_cmake_vendor'), ('WSLENV', 'VSCODE_WSL_EXT_LOCATION/up')]), 'shell': False}
[1.301032] (-) TimerEvent: {}
[1.304234] (simulator_messages) StdoutLine: {'line': b'[  2%] \x1b[34m\x1b[1mGenerating type hashes for ROS interfaces\x1b[0m\n'}
[1.308056] (simulator_messages) StdoutLine: {'line': b'[  2%] Built target ament_cmake_python_copy_simulator_messages\n'}
[1.330020] (simulator_messages) StderrLine: {'line': b'Traceback (most recent call last):\n'}
[1.330165] (simulator_messages) StderrLine: {'line': b'  File "/opt/ros/jazzy/lib/rosidl_generator_type_description/rosidl_generator_type_description", line 21, in <module>\n'}
[1.330194] (simulator_messages) StderrLine: {'line': b'    from rosidl_generator_type_description import generate_type_hash\n'}
[1.330216] (simulator_messages) StderrLine: {'line': b'  File "/opt/ros/jazzy/lib/python3.12/site-packages/rosidl_generator_type_description/__init__.py", line 24, in <module>\n'}
[1.330235] (simulator_messages) StderrLine: {'line': b'    from rosidl_parser.parser import parse_idl_file\n'}
[1.330255] (simulator_messages) StderrLine: {'line': b'  File "/opt/ros/jazzy/lib/python3.12/site-packages/rosidl_parser/parser.py", line 20, in <module>\n'}
[1.330275] (simulator_messages) StderrLine: {'line': b'    from lark import Lark\n'}
[1.330295] (simulator_messages) StderrLine: {'line': b"ModuleNotFoundError: No module named 'lark'\n"}
[1.333130] (simulator_messages) StderrLine: {'line': b'gmake[2]: *** [CMakeFiles/simulator_messages__rosidl_generator_type_description.dir/build.make:75: rosidl_generator_type_description/simulator_messages/msg/NavigationCommand.json] Error 1\n'}
[1.333322] (simulator_messages) StderrLine: {'line': b'gmake[1]: *** [CMakeFiles/Makefile2:258: CMakeFiles/simulator_messages__rosidl_generator_type_description.dir/all] Error 2\n'}
[1.333394] (simulator_messages) StderrLine: {'line': b'gmake[1]: *** Waiting for unfinished jobs....\n'}
[1.401133] (-) TimerEvent: {}
[1.406742] (simulator_messages) StdoutLine: {'line': b'running egg_info\n'}
[1.412746] (simulator_messages) StdoutLine: {'line': b'creating simulator_messages.egg-info\n'}
[1.413052] (simulator_messages) StdoutLine: {'line': b'writing simulator_messages.egg-info/PKG-INFO\n'}
[1.413417] (simulator_messages) StdoutLine: {'line': b'writing dependency_links to simulator_messages.egg-info/dependency_links.txt\n'}
[1.413601] (simulator_messages) StdoutLine: {'line': b'writing top-level names to simulator_messages.egg-info/top_level.txt\n'}
[1.413689] (simulator_messages) StdoutLine: {'line': b"writing manifest file 'simulator_messages.egg-info/SOURCES.txt'\n"}
[1.427117] (simulator_messages) StdoutLine: {'line': b"reading manifest file 'simulator_messages.egg-info/SOURCES.txt'\n"}
[1.427521] (simulator_messages) StdoutLine: {'line': b"writing manifest file 'simulator_messages.egg-info/SOURCES.txt'\n"}
[1.444398] (simulator_messages) StdoutLine: {'line': b'[  2%] Built target ament_cmake_python_build_simulator_messages_egg\n'}
[1.444988] (simulator_messages) StderrLine: {'line': b'gmake: *** [Makefile:146: all] Error 2\n'}
[1.446236] (simulator_messages) CommandEnded: {'returncode': 2}
[1.454893] (simulator_messages) JobEnded: {'identifier': 'simulator_messages', 'rc': 2}
[1.455652] (-) EventReactorShutdown: {}
